Loading vacancies
Loading vacancies 0..100
Loaded 1 open vacancies in total
Finished
Loading vacancies
Loading vacancies 0..100
Loaded 1 open vacancies in total
Finished
Loading vacancies
Loading vacancies 0..100
Loaded 1 open vacancies in total
Finished
Loading vacancies
Loading vacancies 0..100
Loaded 1 open vacancies in total
Finished
Loading vacancies
Loading vacancies 0..100
Loaded 1 open vacancies in total
Finished
Loading vacancies
Loading vacancies 0..100
Loaded 1 open vacancies in total
Finished
Loading vacancies
Loading vacancies 0..100
Loaded 1 open vacancies in total
Finished
Loading vacancies
Loading vacancies 0..100
Loaded 1 open vacancies in total
Finished
Loading vacancies
Loading vacancies 0..100
Loaded 1 open vacancies in total
Finished
Loading vacancies
Loading vacancies 0..100
Loaded 1 open vacancies in total
Finished
Loading vacancies
Loading vacancies 0..100
Loaded 1 open vacancies in total
Finished
Access to Remote API expired (2021-10-07 06:36:38), trying to refresh token.
New access token received.
Loading vacancies
Loading vacancies 0..100
Loaded 1 open vacancies in total
Finished
Loading vacancies
Loading vacancies 0..100
Loaded 1 open vacancies in total
Finished
Loading vacancies
Loading vacancies 0..100
Loaded 1 open vacancies in total
Finished
Loading vacancies
Loading vacancies 0..100
Loaded 1 open vacancies in total
Finished
Loading vacancies
Loading vacancies 0..100
Loaded 1 open vacancies in total
Finished
Loading vacancies
Loading vacancies 0..100
Loaded 1 open vacancies in total
Finished
Loading vacancies
Loading vacancies 0..100
Loaded 1 open vacancies in total
Finished
Loading vacancies
Loading vacancies 0..100
Loaded 1 open vacancies in total
Finished
Loading vacancies
Loading vacancies 0..100
Loaded 1 open vacancies in total
Finished
Loading vacancies
Loading vacancies 0..100
Loaded 1 open vacancies in total
Finished
Loading vacancies
Loading vacancies 0..100
Loaded 1 open vacancies in total
Finished
Loading vacancies
Loading vacancies 0..100
Loaded 1 open vacancies in total
Finished
Loading vacancies
Loading vacancies 0..100
Loaded 1 open vacancies in total
Finished
Access to Remote API expired (2021-10-07 07:40:06), trying to refresh token.
New access token received.
Loading vacancies
Loading vacancies 0..100
Loaded 1 open vacancies in total
Finished
Loading vacancies
Loading vacancies 0..100
Loaded 1 open vacancies in total
Finished
Loading vacancies
Loading vacancies 0..100
Loaded 1 open vacancies in total
Finished
